Performing C SOURCE FILE Test CMAKE_HAVE_LIBC_PTHREAD failed with the following output:
Change Dir: /home/users/sdi1800217/Code/Project/ass1/take6/CMakeFiles/CMakeTmp

Run Build Command(s):/usr/bin/X11/make cmTC_ce9d2/fast && /usr/bin/X11/make -f CMakeFiles/cmTC_ce9d2.dir/build.make CMakeFiles/cmTC_ce9d2.dir/build
make[1]: Entering directory '/home/users/sdi1800217/Code/Project/ass1/take6/CMakeFiles/CMakeTmp'
Building C object CMakeFiles/cmTC_ce9d2.dir/src.c.o
/usr/bin/X11/cc   -DCMAKE_HAVE_LIBC_PTHREAD   -o CMakeFiles/cmTC_ce9d2.dir/src.c.o   -c /home/users/sdi1800217/Code/Project/ass1/take6/CMakeFiles/CMakeTmp/src.c
Linking C executable cmTC_ce9d2
/usr/bin/cmake -E cmake_link_script CMakeFiles/cmTC_ce9d2.dir/link.txt --verbose=1
/usr/bin/X11/cc  -DCMAKE_HAVE_LIBC_PTHREAD    CMakeFiles/cmTC_ce9d2.dir/src.c.o  -o cmTC_ce9d2 
/usr/bin/X11/ld: CMakeFiles/cmTC_ce9d2.dir/src.c.o: in function `main':
src.c:(.text+0x46): undefined reference to `pthread_create'
/usr/bin/X11/ld: src.c:(.text+0x52): undefined reference to `pthread_detach'
/usr/bin/X11/ld: src.c:(.text+0x63): undefined reference to `pthread_join'
collect2: error: ld returned 1 exit status
make[1]: *** [CMakeFiles/cmTC_ce9d2.dir/build.make:87: cmTC_ce9d2] Error 1
make[1]: Leaving directory '/home/users/sdi1800217/Code/Project/ass1/take6/CMakeFiles/CMakeTmp'
make: *** [Makefile:121: cmTC_ce9d2/fast] Error 2


Source file was:
#include <pthread.h>

void* test_func(void* data)
{
  return data;
}

int main(void)
{
  pthread_t thread;
  pthread_create(&thread, NULL, test_func, NULL);
  pthread_detach(thread);
  pthread_join(thread, NULL);
  pthread_atfork(NULL, NULL, NULL);
  pthread_exit(NULL);

  return 0;
}

